  Entity.cpp
Entity.cpp(35): warning C4244: 'argument': conversion from 'int' to 'float', possible loss of data
  game.cpp
game.cpp(82): warning C4305: 'argument': truncation from 'double' to 'float'
game.cpp(90): warning C4305: 'argument': truncation from 'double' to 'float'
game.cpp(137): warning C4244: 'argument': conversion from 'int' to 'float', possible loss of data
C:\Program Files (x86)\Microsoft Visual Studio 14.0\VC\include\utility(172): warning C4244: 'initializing': conversion from 'int' to 'float', possible loss of data
  game.cpp(46): note: see reference to function template instantiation 'std::pair<float,float>::pair<int,int,void,0>(_Other1 &&,_Other2 &&) noexcept' being compiled
          with
          [
              _Other1=int,
              _Other2=int
          ]
  game.cpp(46): note: see reference to function template instantiation 'std::pair<float,float>::pair<int,int,void,0>(_Other1 &&,_Other2 &&) noexcept' being compiled
          with
          [
              _Other1=int,
              _Other2=int
          ]
  main.cpp
  nut.cpp
  TreePart.cpp
  WarriorSquirrel.cpp
  workersquirrel.cpp
workersquirrel.cpp(59): warning C4018: '<': signed/unsigned mismatch
  Worm.cpp
Worm.cpp(37): warning C4244: 'argument': conversion from 'float' to 'int', possible loss of data
  Generating code
  All 626 functions were compiled because no usable IPDB/IOBJ from previous compilation was found.
  Finished generating code
  gra patryka.vcxproj -> c:\users\lele\documents\visual studio 2015\Projects\gra patryka\Release\gra patryka.exe
  gra patryka.vcxproj -> c:\users\lele\documents\visual studio 2015\Projects\gra patryka\Release\gra patryka.pdb (Full PDB)
